<?xml version="1.0" encoding="UTF-8" ?>
<testsuite tests="1" failures="0" name="runnerFiles.runnerTest" time="108.816" errors="1" skipped="0">
  <properties>
[...]
</properties>
  <testcase classname="Mobile Andriod Application Test Scenarios" name="Validate APK Demo Scenarios" time="108.816">
    <error message="Cannot set the element to &apos;Text Enter&apos;. Did you interact with the correct element?
Build info: version: &apos;3.141.59&apos;, revision: &apos;e82be7d358&apos;, time: &apos;2018-11-14T08:17:03&apos;
System info: host: &apos;MKD-CORP-BCP006&apos;, ip: &apos;192.168.1.8&apos;, os.name: &apos;Windows 10&apos;, os.arch: &apos;amd64&apos;, os.version: &apos;10.0&apos;, java.version: &apos;15.0.2&apos;
Driver info: io.appium.java_client.android.AndroidDriver
Capabilities {app: D:\workspace\FAST\driver\Ap..., appPackage: io.appium.android.apis, automationName: uiautomator2, databaseEnabled: false, desired: {app: D:\workspace\FAST\driver\Ap..., automationName: uiautomator2, deviceName: Pixel_Emulator, platformName: android}, deviceApiLevel: 30, deviceManufacturer: Google, deviceModel: sdk_gphone_x86_arm, deviceName: emulator-5554, deviceScreenDensity: 440, deviceScreenSize: 1080x2280, deviceUDID: emulator-5554, javascriptEnabled: true, locationContextEnabled: false, networkConnectionEnabled: true, pixelRatio: 2.75, platform: LINUX, platformName: Android, platformVersion: 11, statBarHeight: 66, takesScreenshot: true, viewportRect: {height: 2082, left: 0, top: 66, width: 1080}, warnings: {}, webStorageEnabled: false}
Session ID: 352b3884-c533-45e8-9f6f-cc90876e1117" type="org.openqa.selenium.InvalidElementStateException">org.openqa.selenium.InvalidElementStateException: Cannot set the element to &apos;Text Enter&apos;. Did you interact with the correct element?
Build info: version: &apos;3.141.59&apos;, revision: &apos;e82be7d358&apos;, time: &apos;2018-11-14T08:17:03&apos;
System info: host: &apos;MKD-CORP-BCP006&apos;, ip: &apos;192.168.1.8&apos;, os.name: &apos;Windows 10&apos;, os.arch: &apos;amd64&apos;, os.version: &apos;10.0&apos;, java.version: &apos;15.0.2&apos;
Driver info: io.appium.java_client.android.AndroidDriver
Capabilities {app: D:\workspace\FAST\driver\Ap..., appPackage: io.appium.android.apis, automationName: uiautomator2, databaseEnabled: false, desired: {app: D:\workspace\FAST\driver\Ap..., automationName: uiautomator2, deviceName: Pixel_Emulator, platformName: android}, deviceApiLevel: 30, deviceManufacturer: Google, deviceModel: sdk_gphone_x86_arm, deviceName: emulator-5554, deviceScreenDensity: 440, deviceScreenSize: 1080x2280, deviceUDID: emulator-5554, javascriptEnabled: true, locationContextEnabled: false, networkConnectionEnabled: true, pixelRatio: 2.75, platform: LINUX, platformName: Android, platformVersion: 11, statBarHeight: 66, takesScreenshot: true, viewportRect: {height: 2082, left: 0, top: 66, width: 1080}, warnings: {}, webStorageEnabled: false}
Session ID: 352b3884-c533-45e8-9f6f-cc90876e1117
	at java.base/jdk.internal.reflect.NativeConstructorAccessorImpl.newInstance0(Native Method)
	at java.base/jdk.internal.reflect.NativeConstructorAccessorImpl.newInstance(NativeConstructorAccessorImpl.java:64)
	at java.base/jdk.internal.reflect.DelegatingConstructorAccessorImpl.newInstance(DelegatingConstructorAccessorImpl.java:45)
	at java.base/java.lang.reflect.Constructor.newInstanceWithCaller(Constructor.java:500)
	at java.base/java.lang.reflect.Constructor.newInstance(Constructor.java:481)
	at org.openqa.selenium.remote.http.W3CHttpResponseCodec.createException(W3CHttpResponseCodec.java:187)
	at org.openqa.selenium.remote.http.W3CHttpResponseCodec.decode(W3CHttpResponseCodec.java:122)
	at org.openqa.selenium.remote.http.W3CHttpResponseCodec.decode(W3CHttpResponseCodec.java:49)
	at org.openqa.selenium.remote.HttpCommandExecutor.execute(HttpCommandExecutor.java:158)
	at io.appium.java_client.remote.AppiumCommandExecutor.execute(AppiumCommandExecutor.java:247)
	at org.openqa.selenium.remote.RemoteWebDriver.execute(RemoteWebDriver.java:552)
	at io.appium.java_client.DefaultGenericMobileDriver.execute(DefaultGenericMobileDriver.java:41)
	at io.appium.java_client.AppiumDriver.execute(AppiumDriver.java:1)
	at io.appium.java_client.android.AndroidDriver.execute(AndroidDriver.java:1)
	at org.openqa.selenium.remote.RemoteWebElement.execute(RemoteWebElement.java:285)
	at io.appium.java_client.DefaultGenericMobileElement.execute(DefaultGenericMobileElement.java:45)
	at io.appium.java_client.MobileElement.execute(MobileElement.java:1)
	at io.appium.java_client.android.AndroidElement.execute(AndroidElement.java:1)
	at org.openqa.selenium.remote.RemoteWebElement.sendKeys(RemoteWebElement.java:106)
	at stepDefs.MobileAndroid.launchApp(MobileAndroid.java:39)
	at ✽.Launch the APK app(file:///D:/workspace/FAST/src/test/resources/features/AndroidMobile.feature:6)
</error>
    <system-out>
@Mobile @First
Scenario: Validate APK Demo Scenarios # src/test/resources/features/AndroidMobile.feature:5
Before Mobile Hooks
Mobile App launched
  Given Launch the APK app            # stepDefs.MobileAndroid.launchApp()
      org.openqa.selenium.InvalidElementStateException: Cannot set the element to &apos;Text Enter&apos;. Did you interact with the correct element?
Build info: version: &apos;3.141.59&apos;, revision: &apos;e82be7d358&apos;, time: &apos;2018-11-14T08:17:03&apos;
System info: host: &apos;MKD-CORP-BCP006&apos;, ip: &apos;192.168.1.8&apos;, os.name: &apos;Windows 10&apos;, os.arch: &apos;amd64&apos;, os.version: &apos;10.0&apos;, java.version: &apos;15.0.2&apos;
Driver info: io.appium.java_client.android.AndroidDriver
Capabilities {app: D:\workspace\FAST\driver\Ap..., appPackage: io.appium.android.apis, automationName: uiautomator2, databaseEnabled: false, desired: {app: D:\workspace\FAST\driver\Ap..., automationName: uiautomator2, deviceName: Pixel_Emulator, platformName: android}, deviceApiLevel: 30, deviceManufacturer: Google, deviceModel: sdk_gphone_x86_arm, deviceName: emulator-5554, deviceScreenDensity: 440, deviceScreenSize: 1080x2280, deviceUDID: emulator-5554, javascriptEnabled: true, locationContextEnabled: false, networkConnectionEnabled: true, pixelRatio: 2.75, platform: LINUX, platformName: Android, platformVersion: 11, statBarHeight: 66, takesScreenshot: true, viewportRect: {height: 2082, left: 0, top: 66, width: 1080}, warnings: {}, webStorageEnabled: false}
Session ID: 352b3884-c533-45e8-9f6f-cc90876e1117
	at java.base/jdk.internal.reflect.NativeConstructorAccessorImpl.newInstance0(Native Method)
	at java.base/jdk.internal.reflect.NativeConstructorAccessorImpl.newInstance(NativeConstructorAccessorImpl.java:64)
	at java.base/jdk.internal.reflect.DelegatingConstructorAccessorImpl.newInstance(DelegatingConstructorAccessorImpl.java:45)
	at java.base/java.lang.reflect.Constructor.newInstanceWithCaller(Constructor.java:500)
	at java.base/java.lang.reflect.Constructor.newInstance(Constructor.java:481)
	at org.openqa.selenium.remote.http.W3CHttpResponseCodec.createException(W3CHttpResponseCodec.java:187)
	at org.openqa.selenium.remote.http.W3CHttpResponseCodec.decode(W3CHttpResponseCodec.java:122)
	at org.openqa.selenium.remote.http.W3CHttpResponseCodec.decode(W3CHttpResponseCodec.java:49)
	at org.openqa.selenium.remote.HttpCommandExecutor.execute(HttpCommandExecutor.java:158)
	at io.appium.java_client.remote.AppiumCommandExecutor.execute(AppiumCommandExecutor.java:247)
	at org.openqa.selenium.remote.RemoteWebDriver.execute(RemoteWebDriver.java:552)
	at io.appium.java_client.DefaultGenericMobileDriver.execute(DefaultGenericMobileDriver.java:41)
	at io.appium.java_client.AppiumDriver.execute(AppiumDriver.java:1)
	at io.appium.java_client.android.AndroidDriver.execute(AndroidDriver.java:1)
	at org.openqa.selenium.remote.RemoteWebElement.execute(RemoteWebElement.java:285)
	at io.appium.java_client.DefaultGenericMobileElement.execute(DefaultGenericMobileElement.java:45)
	at io.appium.java_client.MobileElement.execute(MobileElement.java:1)
	at io.appium.java_client.android.AndroidElement.execute(AndroidElement.java:1)
	at org.openqa.selenium.remote.RemoteWebElement.sendKeys(RemoteWebElement.java:106)
	at stepDefs.MobileAndroid.launchApp(MobileAndroid.java:39)
	at âœ½.Launch the APK app(file:///D:/workspace/FAST/src/test/resources/features/AndroidMobile.feature:6)

</system-out>
    <system-err>Sep 17, 2021 1:23:04 PM io.appium.java_client.remote.AppiumCommandExecutor$1 lambda$0
INFO: Detected dialect: W3C
</system-err>
  </testcase>
</testsuite>