<?xml version="1.0" encoding="UTF-8" ?>
<testsuite tests="1" failures="0" name="runnerFiles.runnerTest" time="0.005" errors="1" skipped="0">
  <properties>
[...]
</properties>
  <testcase classname="runnerFiles.runnerTest" name="initializationError" time="0.005">
    <error message="The plugin specification &apos;com.vimalselvam.cucumber.listener.ExtentCucumberFormatter:path/report.html&apos; has a problem:

Could not load plugin class &apos;com.vimalselvam.cucumber.listener.ExtentCucumberFormatter&apos;.

Plugin specifications should have the format of PLUGIN[:[PATH|[URI [OPTIONS]]]

Valid values for PLUGIN are: default_summary, html, json, junit, message, null_summary, pretty, progress, rerun, summary, teamcity, testng, timeline, unused, usage

PLUGIN can also be a fully qualified class name, allowing registration of 3rd party plugins. The 3rd party plugin must implement io.cucumber.plugin.Plugin" type="java.lang.IllegalArgumentException">java.lang.IllegalArgumentException: The plugin specification &apos;com.vimalselvam.cucumber.listener.ExtentCucumberFormatter:path/report.html&apos; has a problem:

Could not load plugin class &apos;com.vimalselvam.cucumber.listener.ExtentCucumberFormatter&apos;.

Plugin specifications should have the format of PLUGIN[:[PATH|[URI [OPTIONS]]]

Valid values for PLUGIN are: default_summary, html, json, junit, message, null_summary, pretty, progress, rerun, summary, teamcity, testng, timeline, unused, usage

PLUGIN can also be a fully qualified class name, allowing registration of 3rd party plugins. The 3rd party plugin must implement io.cucumber.plugin.Plugin
	at io.cucumber.core.options.PluginOption.createCouldNotLoadClass(PluginOption.java:168)
	at io.cucumber.core.options.PluginOption.parsePluginName(PluginOption.java:146)
	at io.cucumber.core.options.PluginOption.parse(PluginOption.java:105)
	at io.cucumber.core.options.RuntimeOptionsBuilder.addPluginName(RuntimeOptionsBuilder.java:68)
	at io.cucumber.core.options.CucumberOptionsAnnotationParser.addPlugins(CucumberOptionsAnnotationParser.java:87)
	at io.cucumber.core.options.CucumberOptionsAnnotationParser.parse(CucumberOptionsAnnotationParser.java:41)
	at io.cucumber.junit.Cucumber.&lt;init&gt;(Cucumber.java:122)
	at java.base/jdk.internal.reflect.NativeConstructorAccessorImpl.newInstance0(Native Method)
	at java.base/jdk.internal.reflect.NativeConstructorAccessorImpl.newInstance(NativeConstructorAccessorImpl.java:64)
	at java.base/jdk.internal.reflect.DelegatingConstructorAccessorImpl.newInstance(DelegatingConstructorAccessorImpl.java:45)
	at java.base/java.lang.reflect.Constructor.newInstanceWithCaller(Constructor.java:500)
	at java.base/java.lang.reflect.Constructor.newInstance(Constructor.java:481)
	at org.junit.internal.builders.AnnotatedBuilder.buildRunner(AnnotatedBuilder.java:104)
	at org.junit.internal.builders.AnnotatedBuilder.runnerForClass(AnnotatedBuilder.java:86)
	at org.junit.runners.model.RunnerBuilder.safeRunnerForClass(RunnerBuilder.java:70)
	at org.junit.internal.builders.AllDefaultPossibilitiesBuilder.runnerForClass(AllDefaultPossibilitiesBuilder.java:37)
	at org.junit.runners.model.RunnerBuilder.safeRunnerForClass(RunnerBuilder.java:70)
	at org.junit.internal.requests.ClassRequest.createRunner(ClassRequest.java:28)
	at org.junit.internal.requests.MemoizingRequest.getRunner(MemoizingRequest.java:19)
	at org.apache.maven.surefire.junit4.JUnit4Provider.execute(JUnit4Provider.java:250)
	at org.apache.maven.surefire.junit4.JUnit4Provider.executeTestSet(JUnit4Provider.java:141)
	at org.apache.maven.surefire.junit4.JUnit4Provider.invoke(JUnit4Provider.java:112)
	at java.base/jdk.internal.reflect.NativeMethodAccessorImpl.invoke0(Native Method)
	at java.base/jdk.internal.reflect.NativeMethodAccessorImpl.invoke(NativeMethodAccessorImpl.java:64)
	at java.base/jdk.internal.reflect.DelegatingMethodAccessorImpl.invoke(DelegatingMethodAccessorImpl.java:43)
	at java.base/java.lang.reflect.Method.invoke(Method.java:564)
	at org.apache.maven.surefire.util.ReflectionUtils.invokeMethodWithArray(ReflectionUtils.java:189)
	at org.apache.maven.surefire.booter.ProviderFactory$ProviderProxy.invoke(ProviderFactory.java:165)
	at org.apache.maven.surefire.booter.ProviderFactory.invokeProvider(ProviderFactory.java:85)
	at org.apache.maven.surefire.booter.ForkedBooter.runSuitesInProcess(ForkedBooter.java:115)
	at org.apache.maven.surefire.booter.ForkedBooter.main(ForkedBooter.java:75)
Caused by: java.lang.NoClassDefFoundError: gherkin/formatter/Reporter
	at java.base/java.lang.ClassLoader.defineClass1(Native Method)
	at java.base/java.lang.ClassLoader.defineClass(ClassLoader.java:1016)
	at java.base/java.security.SecureClassLoader.defineClass(SecureClassLoader.java:151)
	at java.base/jdk.internal.loader.BuiltinClassLoader.defineClass(BuiltinClassLoader.java:825)
	at java.base/jdk.internal.loader.BuiltinClassLoader.findClassOnClassPathOrNull(BuiltinClassLoader.java:723)
	at java.base/jdk.internal.loader.BuiltinClassLoader.loadClassOrNull(BuiltinClassLoader.java:646)
	at java.base/jdk.internal.loader.BuiltinClassLoader.loadClass(BuiltinClassLoader.java:604)
	at java.base/jdk.internal.loader.ClassLoaders$AppClassLoader.loadClass(ClassLoaders.java:168)
	at java.base/java.lang.ClassLoader.loadClass(ClassLoader.java:522)
	at io.cucumber.core.options.PluginOption.parsePluginName(PluginOption.java:140)
	... 29 more
Caused by: java.lang.ClassNotFoundException: gherkin.formatter.Reporter
	at java.base/jdk.internal.loader.BuiltinClassLoader.loadClass(BuiltinClassLoader.java:606)
	at java.base/jdk.internal.loader.ClassLoaders$AppClassLoader.loadClass(ClassLoaders.java:168)
	at java.base/java.lang.ClassLoader.loadClass(ClassLoader.java:522)
	... 39 more
</error>
  </testcase>
</testsuite>